        -:    0:Source:src/list/list_create.c
        -:    0:Graph:/home/renard/repos/delivery/CPE_2019/CPE_BSQ_2019/lib/libfox/datastruct/list_create.gcno
        -:    0:Data:/home/renard/repos/delivery/CPE_2019/CPE_BSQ_2019/lib/libfox/datastruct/list_create.gcda
        -:    0:Runs:35
        -:    1:/*
        -:    2:** EPITECH PROJECT, 2019
        -:    3:** Libfox
        -:    4:** File description:
        -:    5:** Create a new list
        -:    6:*/
        -:    7:
        -:    8:#include <malloc.h>
        -:    9:
        -:   10:#include "datastruct/fox_list.h"
        -:   11:
        -:   12:__Anonnull
function list_create called 7 returned 100% blocks executed 100%
        7:   13:bool list_create(foxlist_t *listptr)
        -:   14:{
        7:   15:    *listptr = malloc(sizeof(**listptr));
        7:   16:    if (*listptr == NULL)
branch  0 taken 1 (fallthrough)
branch  1 taken 6
        1:   17:        return true;
        6:   18:    (*listptr)->nodes = 0;
        6:   19:    (*listptr)->head = NULL;
        6:   20:    (*listptr)->tail = NULL;
        6:   21:    return false;
        -:   22:}
