        -:    0:Source:src/tree/tnode_create.c
        -:    0:Graph:/home/renard/repos/delivery/CPE_2019/CPE_BSQ_2019/lib/libfox/datastruct/tnode_create.gcno
        -:    0:Data:/home/renard/repos/delivery/CPE_2019/CPE_BSQ_2019/lib/libfox/datastruct/tnode_create.gcda
        -:    0:Runs:35
        -:    1:/*
        -:    2:** EPITECH PROJECT, 2019
        -:    3:** Libfox
        -:    4:** File description:
        -:    5:** Create a new tree node
        -:    6:*/
        -:    7:
        -:    8:#include <malloc.h>
        -:    9:#include <stdbool.h>
        -:   10:#include "fox_datastruct.h"
        -:   11:
        -:   12:__a((nonnull(1)))
function tnode_create called 9 returned 100% blocks executed 100%
        9:   13:bool tnode_create(foxtnode_t *leafptr, void *data, foxtree_t root)
        -:   14:{
        9:   15:    *leafptr = malloc(sizeof(**leafptr));
        9:   16:    if (*leafptr == NULL)
branch  0 taken 1 (fallthrough)
branch  1 taken 8
        1:   17:        return true;
        8:   18:    if (root != NULL) {
branch  0 taken 6 (fallthrough)
branch  1 taken 2
        6:   19:        root->nodes += 1;
        6:   20:        (*leafptr)->root = root;
        -:   21:    }
        8:   22:    if (data != NULL)
branch  0 taken 4 (fallthrough)
branch  1 taken 4
        4:   23:        (*leafptr)->data = data;
        8:   24:    (*leafptr)->lnext = NULL;
        8:   25:    (*leafptr)->rnext = NULL;
        8:   26:    return false;
        -:   27:}
