        -:    0:Source:src/list/list_autodestructor.c
        -:    0:Graph:/home/renard/repos/delivery/CPE_2019/CPE_BSQ_2019/lib/libfox/datastruct/list_autodestructor.gcno
        -:    0:Data:/home/renard/repos/delivery/CPE_2019/CPE_BSQ_2019/lib/libfox/datastruct/list_autodestructor.gcda
        -:    0:Runs:35
        -:    1:/*
        -:    2:** EPITECH PROJECT, 2019
        -:    3:** Libfox
        -:    4:** File description:
        -:    5:** List autodestructor for smart pointer implementation
        -:    6:*/
        -:    7:
        -:    8:#include "datastruct/fox_list.h"
        -:    9:
        -:   10:__Aconst
function listdata_destructor called 1 returned 100% blocks executed 100%
        1:   11:paperblade_t *listdata_destructor(void)
        -:   12:{
        -:   13:    static paperblade_t f = NULL;
        -:   14:
        1:   15:    return &f;
        -:   16:}
        -:   17:
        -:   18:__Anonnull
function shredder called 1 returned 100% blocks executed 100%
        1:   19:void shredder(foxlist_t *listptr)
        -:   20:{
        1:   21:    list_destroy(listptr, paperblade);
call    0 returned 1
        1:   22:}
