        -:    0:Source:src/stack/stack_pop.c
        -:    0:Graph:/home/renard/repos/delivery/CPE_2019/CPE_BSQ_2019/lib/libfox/datastruct/stack_pop.gcno
        -:    0:Data:/home/renard/repos/delivery/CPE_2019/CPE_BSQ_2019/lib/libfox/datastruct/stack_pop.gcda
        -:    0:Runs:35
        -:    1:/*
        -:    2:** EPITECH PROJECT, 2019
        -:    3:** Libfox
        -:    4:** File description:
        -:    5:** Pop an item from a stack
        -:    6:*/
        -:    7:
        -:    8:#include "datastruct/fox_stack.h"
        -:    9:
        -:   10:__Anonnull
function stack_pop called 7 returned 100% blocks executed 100%
        7:   11:void *stack_pop(foxstack_t stack)
        -:   12:{
        7:   13:    foxsitem_t pop = stack->faketop;
        7:   14:    void *data = NULL;
        -:   15:
        7:   16:    if (pop == NULL)
branch  0 taken 1 (fallthrough)
branch  1 taken 6
        1:   17:        return NULL;
       10:   18:    while (pop->i > stack->items)
branch  0 taken 4
branch  1 taken 6 (fallthrough)
        4:   19:        pop = pop->prev;
        6:   20:    data = pop->data;
        6:   21:    pop->data = NULL;
        6:   22:    stack->items -= 1;
        6:   23:    stack->realtop = pop->prev != NULL ? pop->prev : pop;
branch  0 taken 4 (fallthrough)
branch  1 taken 2
        6:   24:    return data;
        -:   25:}
