        -:    0:Source:tests/stack/test_stack_pop.c
        -:    0:Graph:/home/renard/repos/delivery/CPE_2019/CPE_BSQ_2019/lib/libfox/datastruct/test_stack_pop.gcno
        -:    0:Data:/home/renard/repos/delivery/CPE_2019/CPE_BSQ_2019/lib/libfox/datastruct/test_stack_pop.gcda
        -:    0:Runs:35
        -:    1:/*
        -:    2:** EPITECH PROJECT, 2019
        -:    3:** <project name> unit tests
        -:    4:** File description:
        -:    5:** test_stack_pop.c -- No description
        -:    6:*/
        -:    7:
        -:    8:#include <criterion/criterion.h>
        -:    9:#include <criterion/redirect.h>
        -:   10:
        -:   11:#include "datastruct/fox_stack.h"
        -:   12:
        2:   13:Test(stack_pop, regular_usage)
        -:   14:{
        1:   15:    foxstack_t stack = NULL;
        -:   16:
       1*:   17:    cr_assert_not(stack_create(&stack));
       1*:   18:    cr_assert_not(stack_push(stack, &stack));
       1*:   19:    cr_assert_not(stack_push(stack, &stack));
       1*:   20:    cr_assert_not(stack_push(stack, &stack));
       1*:   21:    cr_expect_eq(stack->items, 3);
       1*:   22:    cr_expect_eq(stack_pop(stack), &stack);
       1*:   23:    cr_expect_eq(stack->items, 2);
       1*:   24:    cr_expect_eq(stack_pop(stack), &stack);
       1*:   25:    cr_expect_eq(stack->items, 1);
       1*:   26:    cr_expect_eq(stack_pop(stack), &stack);
       1*:   27:    cr_expect_eq(stack->items, 0);
        1:   28:}
------------------
stack_pop_regular_usage_impl:
function stack_pop_regular_usage_impl called 1 returned 100% blocks executed 32%
        1:   13:Test(stack_pop, regular_usage)
        -:   14:{
        1:   15:    foxstack_t stack = NULL;
        -:   16:
       1*:   17:    cr_assert_not(stack_create(&stack));
call    0 returned 1
branch  1 taken 1 (fallthrough)
branch  2 taken 0
branch  3 taken 0 (fallthrough)
branch  4 taken 1
call    5 never executed
call    6 never executed
branch  7 never executed
branch  8 never executed
branch  9 never executed
branch 10 never executed
call   11 never executed
call   12 never executed
call   13 never executed
call   14 never executed
branch 15 taken 0 (fallthrough)
branch 16 taken 1
call   17 never executed
call   18 returned 1
       1*:   18:    cr_assert_not(stack_push(stack, &stack));
call    0 returned 1
branch  1 taken 1 (fallthrough)
branch  2 taken 0
branch  3 taken 0 (fallthrough)
branch  4 taken 1
call    5 never executed
call    6 never executed
branch  7 never executed
branch  8 never executed
branch  9 never executed
branch 10 never executed
call   11 never executed
call   12 never executed
call   13 never executed
call   14 never executed
branch 15 taken 0 (fallthrough)
branch 16 taken 1
call   17 never executed
call   18 returned 1
       1*:   19:    cr_assert_not(stack_push(stack, &stack));
call    0 returned 1
branch  1 taken 1 (fallthrough)
branch  2 taken 0
branch  3 taken 0 (fallthrough)
branch  4 taken 1
call    5 never executed
call    6 never executed
branch  7 never executed
branch  8 never executed
branch  9 never executed
branch 10 never executed
call   11 never executed
call   12 never executed
call   13 never executed
call   14 never executed
branch 15 taken 0 (fallthrough)
branch 16 taken 1
call   17 never executed
call   18 returned 1
       1*:   20:    cr_assert_not(stack_push(stack, &stack));
call    0 returned 1
branch  1 taken 1 (fallthrough)
branch  2 taken 0
branch  3 taken 0 (fallthrough)
branch  4 taken 1
call    5 never executed
call    6 never executed
branch  7 never executed
branch  8 never executed
branch  9 never executed
branch 10 never executed
call   11 never executed
call   12 never executed
call   13 never executed
call   14 never executed
branch 15 taken 0 (fallthrough)
branch 16 taken 1
call   17 never executed
call   18 returned 1
       1*:   21:    cr_expect_eq(stack->items, 3);
branch  0 taken 1 (fallthrough)
branch  1 taken 0
branch  2 taken 0 (fallthrough)
branch  3 taken 1
call    4 never executed
call    5 never executed
branch  6 never executed
branch  7 never executed
branch  8 never executed
branch  9 never executed
call   10 never executed
call   11 never executed
call   12 never executed
call   13 never executed
branch 14 taken 0 (fallthrough)
branch 15 taken 1
call   16 never executed
call   17 returned 1
       1*:   22:    cr_expect_eq(stack_pop(stack), &stack);
call    0 returned 1
branch  1 taken 1 (fallthrough)
branch  2 taken 0
branch  3 taken 0 (fallthrough)
branch  4 taken 1
call    5 never executed
call    6 never executed
branch  7 never executed
branch  8 never executed
branch  9 never executed
branch 10 never executed
call   11 never executed
call   12 never executed
call   13 never executed
call   14 never executed
branch 15 taken 0 (fallthrough)
branch 16 taken 1
call   17 never executed
call   18 returned 1
       1*:   23:    cr_expect_eq(stack->items, 2);
branch  0 taken 1 (fallthrough)
branch  1 taken 0
branch  2 taken 0 (fallthrough)
branch  3 taken 1
call    4 never executed
call    5 never executed
branch  6 never executed
branch  7 never executed
branch  8 never executed
branch  9 never executed
call   10 never executed
call   11 never executed
call   12 never executed
call   13 never executed
branch 14 taken 0 (fallthrough)
branch 15 taken 1
call   16 never executed
call   17 returned 1
       1*:   24:    cr_expect_eq(stack_pop(stack), &stack);
call    0 returned 1
branch  1 taken 1 (fallthrough)
branch  2 taken 0
branch  3 taken 0 (fallthrough)
branch  4 taken 1
call    5 never executed
call    6 never executed
branch  7 never executed
branch  8 never executed
branch  9 never executed
branch 10 never executed
call   11 never executed
call   12 never executed
call   13 never executed
call   14 never executed
branch 15 taken 0 (fallthrough)
branch 16 taken 1
call   17 never executed
call   18 returned 1
       1*:   25:    cr_expect_eq(stack->items, 1);
branch  0 taken 1 (fallthrough)
branch  1 taken 0
branch  2 taken 0 (fallthrough)
branch  3 taken 1
call    4 never executed
call    5 never executed
branch  6 never executed
branch  7 never executed
branch  8 never executed
branch  9 never executed
call   10 never executed
call   11 never executed
call   12 never executed
call   13 never executed
branch 14 taken 0 (fallthrough)
branch 15 taken 1
call   16 never executed
call   17 returned 1
       1*:   26:    cr_expect_eq(stack_pop(stack), &stack);
call    0 returned 1
branch  1 taken 1 (fallthrough)
branch  2 taken 0
branch  3 taken 0 (fallthrough)
branch  4 taken 1
call    5 never executed
call    6 never executed
branch  7 never executed
branch  8 never executed
branch  9 never executed
branch 10 never executed
call   11 never executed
call   12 never executed
call   13 never executed
call   14 never executed
branch 15 taken 0 (fallthrough)
branch 16 taken 1
call   17 never executed
call   18 returned 1
       1*:   27:    cr_expect_eq(stack->items, 0);
branch  0 taken 1 (fallthrough)
branch  1 taken 0
branch  2 taken 0 (fallthrough)
branch  3 taken 1
call    4 never executed
call    5 never executed
branch  6 never executed
branch  7 never executed
branch  8 never executed
branch  9 never executed
call   10 never executed
call   11 never executed
call   12 never executed
call   13 never executed
branch 14 taken 0 (fallthrough)
branch 15 taken 1
call   16 never executed
call   17 returned 1
        1:   28:}
------------------
stack_pop_regular_usage_jmp:
function stack_pop_regular_usage_jmp called 1 returned 100% blocks executed 100%
        1:   13:Test(stack_pop, regular_usage)
call    0 returned 1
call    1 returned 1
call    2 returned 1
------------------
        -:   29:
        2:   30:Test(stack_pop, empty_stack)
        -:   31:{
        1:   32:    foxstack_t stack = NULL;
        -:   33:
       1*:   34:    cr_assert_not(stack_create(&stack));
       1*:   35:    cr_expect_eq(stack_pop(stack), NULL);
        1:   36:}
------------------
stack_pop_empty_stack_impl:
function stack_pop_empty_stack_impl called 1 returned 100% blocks executed 35%
        1:   30:Test(stack_pop, empty_stack)
        -:   31:{
        1:   32:    foxstack_t stack = NULL;
        -:   33:
       1*:   34:    cr_assert_not(stack_create(&stack));
call    0 returned 1
branch  1 taken 1 (fallthrough)
branch  2 taken 0
branch  3 taken 0 (fallthrough)
branch  4 taken 1
call    5 never executed
call    6 never executed
branch  7 never executed
branch  8 never executed
branch  9 never executed
branch 10 never executed
call   11 never executed
call   12 never executed
call   13 never executed
call   14 never executed
branch 15 taken 0 (fallthrough)
branch 16 taken 1
call   17 never executed
call   18 returned 1
       1*:   35:    cr_expect_eq(stack_pop(stack), NULL);
call    0 returned 1
branch  1 taken 1 (fallthrough)
branch  2 taken 0
branch  3 taken 0 (fallthrough)
branch  4 taken 1
call    5 never executed
call    6 never executed
branch  7 never executed
branch  8 never executed
branch  9 never executed
branch 10 never executed
call   11 never executed
call   12 never executed
call   13 never executed
call   14 never executed
branch 15 taken 0 (fallthrough)
branch 16 taken 1
call   17 never executed
call   18 returned 1
        1:   36:}
------------------
stack_pop_empty_stack_jmp:
function stack_pop_empty_stack_jmp called 1 returned 100% blocks executed 100%
        1:   30:Test(stack_pop, empty_stack)
call    0 returned 1
call    1 returned 1
call    2 returned 1
------------------
