        -:    0:Source:tests/tree/test_tnode_create.c
        -:    0:Graph:/home/renard/repos/delivery/CPE_2019/CPE_BSQ_2019/lib/libfox/datastruct/test_tnode_create.gcno
        -:    0:Data:/home/renard/repos/delivery/CPE_2019/CPE_BSQ_2019/lib/libfox/datastruct/test_tnode_create.gcda
        -:    0:Runs:35
        -:    1:/*
        -:    2:** EPITECH PROJECT, 2019
        -:    3:** Libfox
        -:    4:** File description:
        -:    5:** UT: Tree node creation
        -:    6:*/
        -:    7:
        -:    8:#include <criterion/criterion.h>
        -:    9:#include <criterion/redirect.h>
        -:   10:#include "tests/wrap_malloc.h"
        -:   11:
        -:   12:#include "datastruct/fox_tree.h"
        -:   13:
        2:   14:Test(tnode_create, regular_usage_no_null)
        -:   15:{
        1:   16:    foxtree_t tree = NULL;
        -:   17:
       1*:   18:    cr_assert_not(tree_create(&tree));
       1*:   19:    cr_assert_not(tnode_create(&tree->trunk, &tree, tree));
       1*:   20:    cr_assert_not_null(tree->trunk);
       1*:   21:    cr_expect_eq(tree->nodes, 1);
       1*:   22:    cr_expect_null(tree->trunk->lnext);
       1*:   23:    cr_expect_null(tree->trunk->rnext);
       1*:   24:    cr_expect_eq(tree->trunk->data, &tree);
       1*:   25:    cr_expect_eq(tree->trunk->root, tree);
        1:   26:}
------------------
tnode_create_regular_usage_no_null_impl:
function tnode_create_regular_usage_no_null_impl called 1 returned 100% blocks executed 30%
        1:   14:Test(tnode_create, regular_usage_no_null)
        -:   15:{
        1:   16:    foxtree_t tree = NULL;
        -:   17:
       1*:   18:    cr_assert_not(tree_create(&tree));
call    0 returned 1
branch  1 taken 1 (fallthrough)
branch  2 taken 0
branch  3 taken 0 (fallthrough)
branch  4 taken 1
call    5 never executed
call    6 never executed
branch  7 never executed
branch  8 never executed
branch  9 never executed
branch 10 never executed
call   11 never executed
call   12 never executed
call   13 never executed
call   14 never executed
branch 15 taken 0 (fallthrough)
branch 16 taken 1
call   17 never executed
call   18 returned 1
       1*:   19:    cr_assert_not(tnode_create(&tree->trunk, &tree, tree));
call    0 returned 1
branch  1 taken 1 (fallthrough)
branch  2 taken 0
branch  3 taken 0 (fallthrough)
branch  4 taken 1
call    5 never executed
call    6 never executed
branch  7 never executed
branch  8 never executed
branch  9 never executed
branch 10 never executed
call   11 never executed
call   12 never executed
call   13 never executed
call   14 never executed
branch 15 taken 0 (fallthrough)
branch 16 taken 1
call   17 never executed
call   18 returned 1
       1*:   20:    cr_assert_not_null(tree->trunk);
branch  0 taken 1 (fallthrough)
branch  1 taken 0
branch  2 taken 0 (fallthrough)
branch  3 taken 1
call    4 never executed
call    5 never executed
branch  6 never executed
branch  7 never executed
branch  8 never executed
branch  9 never executed
call   10 never executed
call   11 never executed
call   12 never executed
call   13 never executed
branch 14 taken 0 (fallthrough)
branch 15 taken 1
call   16 never executed
call   17 returned 1
       1*:   21:    cr_expect_eq(tree->nodes, 1);
branch  0 taken 1 (fallthrough)
branch  1 taken 0
branch  2 taken 0 (fallthrough)
branch  3 taken 1
call    4 never executed
call    5 never executed
branch  6 never executed
branch  7 never executed
branch  8 never executed
branch  9 never executed
call   10 never executed
call   11 never executed
call   12 never executed
call   13 never executed
branch 14 taken 0 (fallthrough)
branch 15 taken 1
call   16 never executed
call   17 returned 1
       1*:   22:    cr_expect_null(tree->trunk->lnext);
branch  0 taken 1 (fallthrough)
branch  1 taken 0
branch  2 taken 0 (fallthrough)
branch  3 taken 1
call    4 never executed
call    5 never executed
branch  6 never executed
branch  7 never executed
branch  8 never executed
branch  9 never executed
call   10 never executed
call   11 never executed
call   12 never executed
call   13 never executed
branch 14 taken 0 (fallthrough)
branch 15 taken 1
call   16 never executed
call   17 returned 1
       1*:   23:    cr_expect_null(tree->trunk->rnext);
branch  0 taken 1 (fallthrough)
branch  1 taken 0
branch  2 taken 0 (fallthrough)
branch  3 taken 1
call    4 never executed
call    5 never executed
branch  6 never executed
branch  7 never executed
branch  8 never executed
branch  9 never executed
call   10 never executed
call   11 never executed
call   12 never executed
call   13 never executed
branch 14 taken 0 (fallthrough)
branch 15 taken 1
call   16 never executed
call   17 returned 1
       1*:   24:    cr_expect_eq(tree->trunk->data, &tree);
branch  0 taken 1 (fallthrough)
branch  1 taken 0
branch  2 taken 0 (fallthrough)
branch  3 taken 1
call    4 never executed
call    5 never executed
branch  6 never executed
branch  7 never executed
branch  8 never executed
branch  9 never executed
call   10 never executed
call   11 never executed
call   12 never executed
call   13 never executed
branch 14 taken 0 (fallthrough)
branch 15 taken 1
call   16 never executed
call   17 returned 1
       1*:   25:    cr_expect_eq(tree->trunk->root, tree);
branch  0 taken 1 (fallthrough)
branch  1 taken 0
branch  2 taken 0 (fallthrough)
branch  3 taken 1
call    4 never executed
call    5 never executed
branch  6 never executed
branch  7 never executed
branch  8 never executed
branch  9 never executed
call   10 never executed
call   11 never executed
call   12 never executed
call   13 never executed
branch 14 taken 0 (fallthrough)
branch 15 taken 1
call   16 never executed
call   17 returned 1
        1:   26:}
------------------
tnode_create_regular_usage_no_null_jmp:
function tnode_create_regular_usage_no_null_jmp called 1 returned 100% blocks executed 100%
        1:   14:Test(tnode_create, regular_usage_no_null)
call    0 returned 1
call    1 returned 1
call    2 returned 1
------------------
        -:   27:
        2:   28:Test(tnode_create, regular_null_data)
        -:   29:{
        1:   30:    foxtree_t tree = NULL;
        -:   31:
       1*:   32:    cr_assert_not(tree_create(&tree));
       1*:   33:    cr_assert_not(tnode_create(&tree->trunk, NULL, tree));
       1*:   34:    cr_assert_not_null(tree->trunk);
       1*:   35:    cr_expect_eq(tree->nodes, 1);
       1*:   36:    cr_expect_null(tree->trunk->lnext);
       1*:   37:    cr_expect_null(tree->trunk->rnext);
       1*:   38:    cr_expect_null(tree->trunk->data);
       1*:   39:    cr_expect_eq(tree->trunk->root, tree);
        1:   40:}
------------------
tnode_create_regular_null_data_impl:
function tnode_create_regular_null_data_impl called 1 returned 100% blocks executed 30%
        1:   28:Test(tnode_create, regular_null_data)
        -:   29:{
        1:   30:    foxtree_t tree = NULL;
        -:   31:
       1*:   32:    cr_assert_not(tree_create(&tree));
call    0 returned 1
branch  1 taken 1 (fallthrough)
branch  2 taken 0
branch  3 taken 0 (fallthrough)
branch  4 taken 1
call    5 never executed
call    6 never executed
branch  7 never executed
branch  8 never executed
branch  9 never executed
branch 10 never executed
call   11 never executed
call   12 never executed
call   13 never executed
call   14 never executed
branch 15 taken 0 (fallthrough)
branch 16 taken 1
call   17 never executed
call   18 returned 1
       1*:   33:    cr_assert_not(tnode_create(&tree->trunk, NULL, tree));
call    0 returned 1
branch  1 taken 1 (fallthrough)
branch  2 taken 0
branch  3 taken 0 (fallthrough)
branch  4 taken 1
call    5 never executed
call    6 never executed
branch  7 never executed
branch  8 never executed
branch  9 never executed
branch 10 never executed
call   11 never executed
call   12 never executed
call   13 never executed
call   14 never executed
branch 15 taken 0 (fallthrough)
branch 16 taken 1
call   17 never executed
call   18 returned 1
       1*:   34:    cr_assert_not_null(tree->trunk);
branch  0 taken 1 (fallthrough)
branch  1 taken 0
branch  2 taken 0 (fallthrough)
branch  3 taken 1
call    4 never executed
call    5 never executed
branch  6 never executed
branch  7 never executed
branch  8 never executed
branch  9 never executed
call   10 never executed
call   11 never executed
call   12 never executed
call   13 never executed
branch 14 taken 0 (fallthrough)
branch 15 taken 1
call   16 never executed
call   17 returned 1
       1*:   35:    cr_expect_eq(tree->nodes, 1);
branch  0 taken 1 (fallthrough)
branch  1 taken 0
branch  2 taken 0 (fallthrough)
branch  3 taken 1
call    4 never executed
call    5 never executed
branch  6 never executed
branch  7 never executed
branch  8 never executed
branch  9 never executed
call   10 never executed
call   11 never executed
call   12 never executed
call   13 never executed
branch 14 taken 0 (fallthrough)
branch 15 taken 1
call   16 never executed
call   17 returned 1
       1*:   36:    cr_expect_null(tree->trunk->lnext);
branch  0 taken 1 (fallthrough)
branch  1 taken 0
branch  2 taken 0 (fallthrough)
branch  3 taken 1
call    4 never executed
call    5 never executed
branch  6 never executed
branch  7 never executed
branch  8 never executed
branch  9 never executed
call   10 never executed
call   11 never executed
call   12 never executed
call   13 never executed
branch 14 taken 0 (fallthrough)
branch 15 taken 1
call   16 never executed
call   17 returned 1
       1*:   37:    cr_expect_null(tree->trunk->rnext);
branch  0 taken 1 (fallthrough)
branch  1 taken 0
branch  2 taken 0 (fallthrough)
branch  3 taken 1
call    4 never executed
call    5 never executed
branch  6 never executed
branch  7 never executed
branch  8 never executed
branch  9 never executed
call   10 never executed
call   11 never executed
call   12 never executed
call   13 never executed
branch 14 taken 0 (fallthrough)
branch 15 taken 1
call   16 never executed
call   17 returned 1
       1*:   38:    cr_expect_null(tree->trunk->data);
branch  0 taken 1 (fallthrough)
branch  1 taken 0
branch  2 taken 0 (fallthrough)
branch  3 taken 1
call    4 never executed
call    5 never executed
branch  6 never executed
branch  7 never executed
branch  8 never executed
branch  9 never executed
call   10 never executed
call   11 never executed
call   12 never executed
call   13 never executed
branch 14 taken 0 (fallthrough)
branch 15 taken 1
call   16 never executed
call   17 returned 1
       1*:   39:    cr_expect_eq(tree->trunk->root, tree);
branch  0 taken 1 (fallthrough)
branch  1 taken 0
branch  2 taken 0 (fallthrough)
branch  3 taken 1
call    4 never executed
call    5 never executed
branch  6 never executed
branch  7 never executed
branch  8 never executed
branch  9 never executed
call   10 never executed
call   11 never executed
call   12 never executed
call   13 never executed
branch 14 taken 0 (fallthrough)
branch 15 taken 1
call   16 never executed
call   17 returned 1
        1:   40:}
------------------
tnode_create_regular_null_data_jmp:
function tnode_create_regular_null_data_jmp called 1 returned 100% blocks executed 100%
        1:   28:Test(tnode_create, regular_null_data)
call    0 returned 1
call    1 returned 1
call    2 returned 1
------------------
        -:   41:
        2:   42:Test(tnode_create, regular_null_root)
        -:   43:{
        1:   44:    foxtree_t tree = NULL;
        -:   45:
       1*:   46:    cr_assert_not(tree_create(&tree));
       1*:   47:    cr_assert_not(tnode_create(&tree->trunk, &tree, NULL));
       1*:   48:    cr_assert_not_null(tree->trunk);
       1*:   49:    cr_expect_null(tree->trunk->lnext);
       1*:   50:    cr_expect_null(tree->trunk->rnext);
       1*:   51:    cr_expect_eq(tree->trunk->data, &tree);
       1*:   52:    cr_expect_null(tree->trunk->root);
        1:   53:}
------------------
tnode_create_regular_null_root_impl:
function tnode_create_regular_null_root_impl called 1 returned 100% blocks executed 31%
        1:   42:Test(tnode_create, regular_null_root)
        -:   43:{
        1:   44:    foxtree_t tree = NULL;
        -:   45:
       1*:   46:    cr_assert_not(tree_create(&tree));
call    0 returned 1
branch  1 taken 1 (fallthrough)
branch  2 taken 0
branch  3 taken 0 (fallthrough)
branch  4 taken 1
call    5 never executed
call    6 never executed
branch  7 never executed
branch  8 never executed
branch  9 never executed
branch 10 never executed
call   11 never executed
call   12 never executed
call   13 never executed
call   14 never executed
branch 15 taken 0 (fallthrough)
branch 16 taken 1
call   17 never executed
call   18 returned 1
       1*:   47:    cr_assert_not(tnode_create(&tree->trunk, &tree, NULL));
call    0 returned 1
branch  1 taken 1 (fallthrough)
branch  2 taken 0
branch  3 taken 0 (fallthrough)
branch  4 taken 1
call    5 never executed
call    6 never executed
branch  7 never executed
branch  8 never executed
branch  9 never executed
branch 10 never executed
call   11 never executed
call   12 never executed
call   13 never executed
call   14 never executed
branch 15 taken 0 (fallthrough)
branch 16 taken 1
call   17 never executed
call   18 returned 1
       1*:   48:    cr_assert_not_null(tree->trunk);
branch  0 taken 1 (fallthrough)
branch  1 taken 0
branch  2 taken 0 (fallthrough)
branch  3 taken 1
call    4 never executed
call    5 never executed
branch  6 never executed
branch  7 never executed
branch  8 never executed
branch  9 never executed
call   10 never executed
call   11 never executed
call   12 never executed
call   13 never executed
branch 14 taken 0 (fallthrough)
branch 15 taken 1
call   16 never executed
call   17 returned 1
       1*:   49:    cr_expect_null(tree->trunk->lnext);
branch  0 taken 1 (fallthrough)
branch  1 taken 0
branch  2 taken 0 (fallthrough)
branch  3 taken 1
call    4 never executed
call    5 never executed
branch  6 never executed
branch  7 never executed
branch  8 never executed
branch  9 never executed
call   10 never executed
call   11 never executed
call   12 never executed
call   13 never executed
branch 14 taken 0 (fallthrough)
branch 15 taken 1
call   16 never executed
call   17 returned 1
       1*:   50:    cr_expect_null(tree->trunk->rnext);
branch  0 taken 1 (fallthrough)
branch  1 taken 0
branch  2 taken 0 (fallthrough)
branch  3 taken 1
call    4 never executed
call    5 never executed
branch  6 never executed
branch  7 never executed
branch  8 never executed
branch  9 never executed
call   10 never executed
call   11 never executed
call   12 never executed
call   13 never executed
branch 14 taken 0 (fallthrough)
branch 15 taken 1
call   16 never executed
call   17 returned 1
       1*:   51:    cr_expect_eq(tree->trunk->data, &tree);
branch  0 taken 1 (fallthrough)
branch  1 taken 0
branch  2 taken 0 (fallthrough)
branch  3 taken 1
call    4 never executed
call    5 never executed
branch  6 never executed
branch  7 never executed
branch  8 never executed
branch  9 never executed
call   10 never executed
call   11 never executed
call   12 never executed
call   13 never executed
branch 14 taken 0 (fallthrough)
branch 15 taken 1
call   16 never executed
call   17 returned 1
       1*:   52:    cr_expect_null(tree->trunk->root);
branch  0 taken 1 (fallthrough)
branch  1 taken 0
branch  2 taken 0 (fallthrough)
branch  3 taken 1
call    4 never executed
call    5 never executed
branch  6 never executed
branch  7 never executed
branch  8 never executed
branch  9 never executed
call   10 never executed
call   11 never executed
call   12 never executed
call   13 never executed
branch 14 taken 0 (fallthrough)
branch 15 taken 1
call   16 never executed
call   17 returned 1
        1:   53:}
------------------
tnode_create_regular_null_root_jmp:
function tnode_create_regular_null_root_jmp called 1 returned 100% blocks executed 100%
        1:   42:Test(tnode_create, regular_null_root)
call    0 returned 1
call    1 returned 1
call    2 returned 1
------------------
        -:   54:
        2:   55:Test(tnode_create, broken_malloc, .fini = fix_malloc)
        -:   56:{
        1:   57:    foxtree_t tree = NULL;
        -:   58:
       1*:   59:    cr_assert_not(tree_create(&tree));
        1:   60:    malloc_counter = 0;
       1*:   61:    cr_expect(tnode_create(&tree->trunk, NULL, NULL));
        1:   62:}
------------------
tnode_create_broken_malloc_impl:
function tnode_create_broken_malloc_impl called 1 returned 100% blocks executed 35%
        1:   55:Test(tnode_create, broken_malloc, .fini = fix_malloc)
        -:   56:{
        1:   57:    foxtree_t tree = NULL;
        -:   58:
       1*:   59:    cr_assert_not(tree_create(&tree));
call    0 returned 1
branch  1 taken 1 (fallthrough)
branch  2 taken 0
branch  3 taken 0 (fallthrough)
branch  4 taken 1
call    5 never executed
call    6 never executed
branch  7 never executed
branch  8 never executed
branch  9 never executed
branch 10 never executed
call   11 never executed
call   12 never executed
call   13 never executed
call   14 never executed
branch 15 taken 0 (fallthrough)
branch 16 taken 1
call   17 never executed
call   18 returned 1
        1:   60:    malloc_counter = 0;
       1*:   61:    cr_expect(tnode_create(&tree->trunk, NULL, NULL));
call    0 returned 1
branch  1 taken 1 (fallthrough)
branch  2 taken 0
branch  3 taken 0 (fallthrough)
branch  4 taken 1
call    5 never executed
call    6 never executed
branch  7 never executed
branch  8 never executed
branch  9 never executed
branch 10 never executed
call   11 never executed
call   12 never executed
call   13 never executed
call   14 never executed
branch 15 taken 0 (fallthrough)
branch 16 taken 1
call   17 never executed
call   18 returned 1
        1:   62:}
------------------
tnode_create_broken_malloc_jmp:
function tnode_create_broken_malloc_jmp called 1 returned 100% blocks executed 100%
        1:   55:Test(tnode_create, broken_malloc, .fini = fix_malloc)
call    0 returned 1
call    1 returned 1
call    2 returned 1
------------------
