        -:    0:Source:tests/tree/test_tree_destroy.c
        -:    0:Graph:/home/renard/repos/delivery/CPE_2019/CPE_BSQ_2019/lib/libfox/datastruct/test_tree_destroy.gcno
        -:    0:Data:/home/renard/repos/delivery/CPE_2019/CPE_BSQ_2019/lib/libfox/datastruct/test_tree_destroy.gcda
        -:    0:Runs:35
        -:    1:/*
        -:    2:** EPITECH PROJECT, 2019
        -:    3:** Libfox
        -:    4:** File description:
        -:    5:** UT: tree_destroy
        -:    6:*/
        -:    7:
        -:    8:#include <criterion/criterion.h>
        -:    9:#include <criterion/redirect.h>
        -:   10:#include <stdbool.h>
        -:   11:#include "fox_datastruct.h"
        -:   12:
        2:   13:Test(tree_destroy, regular_usage)
        -:   14:{
        1:   15:    foxtree_t tree = NULL;
        -:   16:
       1*:   17:    cr_expect_not(tree_create(&tree));
       1*:   18:    cr_assert_not_null(tree);
        1:   19:    tree_destroy(&tree, NULL);
       1*:   20:    cr_expect_null(tree);
        1:   21:}
------------------
tree_destroy_regular_usage_impl:
function tree_destroy_regular_usage_impl called 1 returned 100% blocks executed 33%
        1:   13:Test(tree_destroy, regular_usage)
        -:   14:{
        1:   15:    foxtree_t tree = NULL;
        -:   16:
       1*:   17:    cr_expect_not(tree_create(&tree));
call    0 returned 1
branch  1 taken 1 (fallthrough)
branch  2 taken 0
branch  3 taken 0 (fallthrough)
branch  4 taken 1
call    5 never executed
call    6 never executed
branch  7 never executed
branch  8 never executed
branch  9 never executed
branch 10 never executed
call   11 never executed
call   12 never executed
call   13 never executed
call   14 never executed
branch 15 taken 0 (fallthrough)
branch 16 taken 1
call   17 never executed
call   18 returned 1
       1*:   18:    cr_assert_not_null(tree);
branch  0 taken 1 (fallthrough)
branch  1 taken 0
branch  2 taken 0 (fallthrough)
branch  3 taken 1
call    4 never executed
call    5 never executed
branch  6 never executed
branch  7 never executed
branch  8 never executed
branch  9 never executed
call   10 never executed
call   11 never executed
call   12 never executed
call   13 never executed
branch 14 taken 0 (fallthrough)
branch 15 taken 1
call   16 never executed
call   17 returned 1
        1:   19:    tree_destroy(&tree, NULL);
call    0 returned 1
       1*:   20:    cr_expect_null(tree);
branch  0 taken 1 (fallthrough)
branch  1 taken 0
branch  2 taken 0 (fallthrough)
branch  3 taken 1
call    4 never executed
call    5 never executed
branch  6 never executed
branch  7 never executed
branch  8 never executed
branch  9 never executed
call   10 never executed
call   11 never executed
call   12 never executed
call   13 never executed
branch 14 taken 0 (fallthrough)
branch 15 taken 1
call   16 never executed
call   17 returned 1
        1:   21:}
------------------
tree_destroy_regular_usage_jmp:
function tree_destroy_regular_usage_jmp called 1 returned 100% blocks executed 100%
        1:   13:Test(tree_destroy, regular_usage)
call    0 returned 1
call    1 returned 1
call    2 returned 1
------------------
        -:   22:
        2:   23:Test(tree_destroy, null_tree)
        -:   24:{
        1:   25:    foxtree_t tree = NULL;
        -:   26:
        1:   27:    tree_destroy(&tree, NULL);
       1*:   28:    cr_assert(true);
        1:   29:}
------------------
tree_destroy_null_tree_impl:
function tree_destroy_null_tree_impl called 1 returned 100% blocks executed 38%
        1:   23:Test(tree_destroy, null_tree)
        -:   24:{
        1:   25:    foxtree_t tree = NULL;
        -:   26:
        1:   27:    tree_destroy(&tree, NULL);
call    0 returned 1
       1*:   28:    cr_assert(true);
branch  0 taken 1 (fallthrough)
branch  1 taken 0
branch  2 taken 0 (fallthrough)
branch  3 taken 1
call    4 never executed
call    5 never executed
branch  6 never executed
branch  7 never executed
branch  8 never executed
branch  9 never executed
call   10 never executed
call   11 never executed
call   12 never executed
call   13 never executed
branch 14 taken 0 (fallthrough)
branch 15 taken 1
call   16 never executed
call   17 returned 1
        1:   29:}
------------------
tree_destroy_null_tree_jmp:
function tree_destroy_null_tree_jmp called 1 returned 100% blocks executed 100%
        1:   23:Test(tree_destroy, null_tree)
call    0 returned 1
call    1 returned 1
call    2 returned 1
------------------
